Copyright 1986-2018 Xilinx, Inc. All Rights Reserved.
------------------------------------------------------------------------------------
| Tool Version : Vivado v.2018.1 (win64) Build 2188600 Wed Apr  4 18:40:38 MDT 2018
| Date         : Wed Dec 22 15:03:57 2021
| Host         : DESKTOP-5DABIT8 running 64-bit major release  (build 9200)
| Command      : report_clock_utilization -file system_clock_utilization_routed.rpt
| Design       : system
| Device       : 7a200t-fbg484
| Speed File   : -1  PRODUCTION 1.21 2018-02-08
------------------------------------------------------------------------------------

Clock Utilization Report

Table of Contents
-----------------
1. Clock Primitive Utilization
2. Global Clock Resources
3. Global Clock Source Details
4. Clock Regions: Key Resource Utilization
5. Clock Regions : Global Clock Summary
6. Device Cell Placement Summary for Global Clock g0
7. Device Cell Placement Summary for Global Clock g1
8. Device Cell Placement Summary for Global Clock g2
9. Device Cell Placement Summary for Global Clock g3
10. Device Cell Placement Summary for Global Clock g4
11. Clock Region Cell Placement per Global Clock: Region X0Y0
12. Clock Region Cell Placement per Global Clock: Region X1Y0
13. Clock Region Cell Placement per Global Clock: Region X0Y1
14. Clock Region Cell Placement per Global Clock: Region X1Y1
15. Clock Region Cell Placement per Global Clock: Region X0Y2
16. Clock Region Cell Placement per Global Clock: Region X1Y2
17. Clock Region Cell Placement per Global Clock: Region X0Y3
18. Clock Region Cell Placement per Global Clock: Region X1Y3
19. Clock Region Cell Placement per Global Clock: Region X0Y4
20. Clock Region Cell Placement per Global Clock: Region X1Y4

1. Clock Primitive Utilization
------------------------------

+----------+------+-----------+-----+--------------+--------+
| Type     | Used | Available | LOC | Clock Region | Pblock |
+----------+------+-----------+-----+--------------+--------+
| BUFGCTRL |    5 |        32 |   0 |            0 |      0 |
| BUFH     |    0 |       120 |   0 |            0 |      0 |
| BUFIO    |    0 |        40 |   0 |            0 |      0 |
| BUFMR    |    0 |        20 |   0 |            0 |      0 |
| BUFR     |    0 |        40 |   0 |            0 |      0 |
| MMCM     |    1 |        10 |   0 |            0 |      0 |
| PLL      |    0 |        10 |   0 |            0 |      0 |
+----------+------+-----------+-----+--------------+--------+


2. Global Clock Resources
-------------------------

+-----------+-----------+-----------------+------------+---------------+--------------+-------------------+-------------+-----------------+--------------+---------------+--------------------------------------------------------------------------------------------------------------------------------------------------+-------------------------------------------------------------------------------------------------------------------------------------------+
| Global Id | Source Id | Driver Type/Pin | Constraint | Site          | Clock Region | Load Clock Region | Clock Loads | Non-Clock Loads | Clock Period | Clock         | Driver Pin                                                                                                                                       | Net                                                                                                                                       |
+-----------+-----------+-----------------+------------+---------------+--------------+-------------------+-------------+-----------------+--------------+---------------+--------------------------------------------------------------------------------------------------------------------------------------------------+-------------------------------------------------------------------------------------------------------------------------------------------+
| g0        | src0      | BUFG/O          | None       | BUFGCTRL_X0Y0 | n/a          |                10 |       47996 |               0 |      125.000 | clk_out2_mmcm | ip_mmcm/inst/clkout2_buf/O                                                                                                                       | ip_mmcm/inst/clk_out2                                                                                                                     |
| g1        | src1      | BUFG/O          | None       | BUFGCTRL_X0Y2 | n/a          |                 2 |         990 |               0 |    30517.578 | sys_clk_pin   | CLK32768KHZ_IBUF_BUFG_inst/O                                                                                                                     | CLK32768KHZ_IBUF_BUFG                                                                                                                     |
| g2        | src2      | BUFG/O          | None       | BUFGCTRL_X0Y3 | n/a          |                 1 |         185 |               0 |              |               | dut_io_pads_jtag_TCK_i_ival_BUFG_inst/O                                                                                                          | dut_io_pads_jtag_TCK_i_ival_BUFG                                                                                                          |
| g3        | src0      | BUFG/O          | None       | BUFGCTRL_X0Y4 | n/a          |                 1 |           1 |               0 |       10.000 | clkfbout_mmcm | ip_mmcm/inst/clkf_buf/O                                                                                                                          | ip_mmcm/inst/clkfbout_buf_mmcm                                                                                                            |
| g4        | src3      | BUFG/O          | None       | BUFGCTRL_X0Y1 | n/a          |                10 |           0 |           28414 |          n/a | n/a           | dut/u_e203_subsys_top/u_e203_subsys_main/u_e203_subsys_perips/u_perips_expl_axi_slv/ecg/axi_lite_v1_0_S00_AXI_inst/byte_cnt_reg[1]_0_BUFG_inst/O | dut/u_e203_subsys_top/u_e203_subsys_main/u_e203_subsys_perips/u_perips_expl_axi_slv/ecg/axi_lite_v1_0_S00_AXI_inst/byte_cnt_reg[1]_0_BUFG |
+-----------+-----------+-----------------+------------+---------------+--------------+-------------------+-------------+-----------------+--------------+---------------+--------------------------------------------------------------------------------------------------------------------------------------------------+-------------------------------------------------------------------------------------------------------------------------------------------+
* Clock Loads column represents the clock pin loads (pin count)
** Non-Clock Loads column represents the non-clock pin loads (pin count)


3. Global Clock Source Details
------------------------------

+-----------+-----------+---------------------+------------+-----------------+--------------+-------------+-----------------+---------------------+---------------+----------------------------------------------------------------------------------------------------------------------------------------+--------------------------------------------------------------------------------------------------------------------------------------+
| Source Id | Global Id | Driver Type/Pin     | Constraint | Site            | Clock Region | Clock Loads | Non-Clock Loads | Source Clock Period | Source Clock  | Driver Pin                                                                                                                             | Net                                                                                                                                  |
+-----------+-----------+---------------------+------------+-----------------+--------------+-------------+-----------------+---------------------+---------------+----------------------------------------------------------------------------------------------------------------------------------------+--------------------------------------------------------------------------------------------------------------------------------------+
| src0      | g0        | MMCME2_ADV/CLKOUT1  | None       | MMCME2_ADV_X0Y2 | X0Y2         |           1 |               0 |             125.000 | clk_out2_mmcm | ip_mmcm/inst/mmcm_adv_inst/CLKOUT1                                                                                                     | ip_mmcm/inst/clk_out2_mmcm                                                                                                           |
| src0      | g3        | MMCME2_ADV/CLKFBOUT | None       | MMCME2_ADV_X0Y2 | X0Y2         |           1 |               0 |              10.000 | clkfbout_mmcm | ip_mmcm/inst/mmcm_adv_inst/CLKFBOUT                                                                                                    | ip_mmcm/inst/clkfbout_mmcm                                                                                                           |
| src1      | g1        | IBUF/O              | IOB_X0Y124 | IOB_X0Y124      | X0Y2         |           1 |               0 |           30517.578 | sys_clk_pin   | CLK32768KHZ_IBUF_inst/O                                                                                                                | CLK32768KHZ_IBUF                                                                                                                     |
| src2      | g2        | IBUF/O              | IOB_X0Y106 | IOB_X0Y106      | X0Y2         |           1 |               0 |                     |               | IOBUF_jtag_TCK/IBUF/O                                                                                                                  | IOBUF_jtag_TCK/O                                                                                                                     |
| src3      | g4        | LUT1/O              | None       | SLICE_X83Y146   | X0Y2         |           1 |               0 |                     |               | dut/u_e203_subsys_top/u_e203_subsys_main/u_e203_subsys_perips/u_perips_expl_axi_slv/ecg/axi_lite_v1_0_S00_AXI_inst/axi_awaddr[4]_i_1/O | dut/u_e203_subsys_top/u_e203_subsys_main/u_e203_subsys_perips/u_perips_expl_axi_slv/ecg/axi_lite_v1_0_S00_AXI_inst/byte_cnt_reg[1]_0 |
+-----------+-----------+---------------------+------------+-----------------+--------------+-------------+-----------------+---------------------+---------------+----------------------------------------------------------------------------------------------------------------------------------------+--------------------------------------------------------------------------------------------------------------------------------------+
* Clock Loads column represents the clock pin loads (pin count)
** Non-Clock Loads column represents the non-clock pin loads (pin count)


4. Clock Regions: Key Resource Utilization
------------------------------------------

+-------------------+--------------+--------------+--------------+--------------+--------------+--------------+--------------+--------------+--------------+--------------+--------------+--------------+--------------+--------------+--------------+
|                   | Global Clock |     BUFRs    |    BUFMRs    |    BUFIOs    |     MMCM     |      PLL     |      GT      |      PCI     |    ILOGIC    |    OLOGIC    |      FF      |     LUTM     |    RAMB18    |    RAMB36    |    DSP48E2   |
+-------------------+------+-------+------+-------+------+-------+------+-------+------+-------+------+-------+------+-------+------+-------+------+-------+------+-------+------+-------+------+-------+------+-------+------+-------+------+-------+
| Clock Region Name | Used | Avail | Used | Avail | Used | Avail | Used | Avail | Used | Avail | Used | Avail | Used | Avail | Used | Avail | Used | Avail | Used | Avail | Used | Avail | Used | Avail | Used | Avail | Used | Avail | Used | Avail |
+-------------------+------+-------+------+-------+------+-------+------+-------+------+-------+------+-------+------+-------+------+-------+------+-------+------+-------+------+-------+------+-------+------+-------+------+-------+------+-------+
| X0Y0              |    4 |    12 |    0 |     4 |    0 |     2 |    0 |     4 |    0 |     1 |    0 |     1 |    0 |     4 |    0 |     0 |    0 |    50 |    0 |    50 | 6467 |  2700 | 2145 |   800 |    0 |    60 |   30 |    30 |    0 |    60 |
| X1Y0              |    2 |    12 |    0 |     4 |    0 |     2 |    0 |     4 |    0 |     1 |    0 |     1 |    0 |     4 |    0 |     0 |    0 |    50 |    0 |    50 | 2231 |  2500 |  667 |   800 |    2 |    40 |   12 |    20 |    0 |    40 |
| X0Y1              |    3 |    12 |    0 |     4 |    0 |     2 |    0 |     4 |    0 |     1 |    0 |     1 |    0 |     0 |    0 |     0 |    0 |    50 |    0 |    50 | 5265 |  4200 | 1775 |  1400 |    0 |   100 |    2 |    50 |    0 |   100 |
| X1Y1              |    2 |    12 |    0 |     4 |    0 |     2 |    0 |     4 |    0 |     1 |    0 |     1 |    0 |     0 |    0 |     0 |    0 |    50 |    0 |    50 | 3844 |  4000 | 1349 |  1400 |    1 |    80 |    4 |    40 |    0 |    80 |
| X0Y2              |    3 |    12 |    0 |     4 |    0 |     2 |    0 |     4 |    1 |     1 |    0 |     1 |    0 |     0 |    0 |     0 |    0 |    50 |    0 |    50 | 4219 |  3600 | 1530 |  1400 |    9 |   100 |    0 |    50 |    0 |   100 |
| X1Y2              |    2 |    12 |    0 |     4 |    0 |     2 |    0 |     4 |    0 |     1 |    0 |     1 |    0 |     0 |    0 |     0 |    0 |    50 |    0 |    50 | 9816 |  4000 | 3469 |  1400 |    0 |    80 |    0 |    40 |    0 |    80 |
| X0Y3              |    2 |    12 |    0 |     4 |    0 |     2 |    0 |     4 |    0 |     1 |    0 |     1 |    0 |     0 |    0 |     0 |    0 |    50 |    0 |    50 | 4979 |  3600 | 1903 |  1400 |    0 |   100 |    0 |    50 |    0 |   100 |
| X1Y3              |    2 |    12 |    0 |     4 |    0 |     2 |    0 |     4 |    0 |     1 |    0 |     1 |    0 |     0 |    0 |     0 |    0 |    50 |    0 |    50 | 5444 |  4000 | 1883 |  1400 |    0 |    80 |    0 |    40 |    0 |    80 |
| X0Y4              |    2 |    12 |    0 |     4 |    0 |     2 |    0 |     4 |    0 |     1 |    0 |     1 |    0 |     4 |    0 |     1 |    0 |    50 |    0 |    50 | 3324 |  2550 | 1014 |   750 |    0 |    50 |    0 |    25 |    0 |    60 |
| X1Y4              |    2 |    12 |    0 |     4 |    0 |     2 |    0 |     4 |    0 |     1 |    0 |     1 |    0 |     4 |    0 |     0 |    0 |    50 |    0 |    50 | 3434 |  2500 | 1092 |   800 |    0 |    40 |    0 |    20 |    0 |    40 |
+-------------------+------+-------+------+-------+------+-------+------+-------+------+-------+------+-------+------+-------+------+-------+------+-------+------+-------+------+-------+------+-------+------+-------+------+-------+------+-------+
* Global Clock column represents track count; while other columns represents cell counts


5. Clock Regions : Global Clock Summary
---------------------------------------

All Modules
+----+----+----+
|    | X0 | X1 |
+----+----+----+
| Y4 |  2 |  2 |
| Y3 |  2 |  2 |
| Y2 |  3 |  2 |
| Y1 |  3 |  2 |
| Y0 |  4 |  2 |
+----+----+----+


6. Device Cell Placement Summary for Global Clock g0
----------------------------------------------------

+-----------+-----------------+-------------------+---------------+-------------+----------------+-------------+----------+----------------+----------+-----------------------+
| Global Id | Driver Type/Pin | Driver Region (D) | Clock         | Period (ns) | Waveform (ns)  | Slice Loads | IO Loads | Clocking Loads | GT Loads | Net                   |
+-----------+-----------------+-------------------+---------------+-------------+----------------+-------------+----------+----------------+----------+-----------------------+
| g0        | BUFG/O          | n/a               | clk_out2_mmcm |     125.000 | {0.000 62.500} |       47920 |        0 |              0 |        0 | ip_mmcm/inst/clk_out2 |
+-----------+-----------------+-------------------+---------------+-------------+----------------+-------------+----------+----------------+----------+-----------------------+
* Logic Loads column represents load cell count of all cell types other than IO, GT and clock resources
** IO Loads column represents load cell count of IO types
*** Clocking Loads column represents load cell count that are clock resources (global clock buffer, MMCM, PLL, etc)
**** GT Loads column represents load cell count of GT types


+----+-------+-------+
|    | X0    | X1    |
+----+-------+-------+
| Y4 |  3324 |  3434 |
| Y3 |  4979 |  5444 |
| Y2 |  4235 |  9816 |
| Y1 |  5265 |  3850 |
| Y0 |  5324 |  2249 |
+----+-------+-------+


7. Device Cell Placement Summary for Global Clock g1
----------------------------------------------------

+-----------+-----------------+-------------------+-------------+-------------+-------------------+-------------+----------+----------------+----------+-----------------------+
| Global Id | Driver Type/Pin | Driver Region (D) | Clock       | Period (ns) | Waveform (ns)     | Slice Loads | IO Loads | Clocking Loads | GT Loads | Net                   |
+-----------+-----------------+-------------------+-------------+-------------+-------------------+-------------+----------+----------------+----------+-----------------------+
| g1        | BUFG/O          | n/a               | sys_clk_pin |   30517.578 | {0.000 15258.789} |         990 |        0 |              0 |        0 | CLK32768KHZ_IBUF_BUFG |
+-----------+-----------------+-------------------+-------------+-------------+-------------------+-------------+----------+----------------+----------+-----------------------+
* Logic Loads column represents load cell count of all cell types other than IO, GT and clock resources
** IO Loads column represents load cell count of IO types
*** Clocking Loads column represents load cell count that are clock resources (global clock buffer, MMCM, PLL, etc)
**** GT Loads column represents load cell count of GT types


+----+------+----+
|    | X0   | X1 |
+----+------+----+
| Y4 |    0 |  0 |
| Y3 |    0 |  0 |
| Y2 |    0 |  0 |
| Y1 |    2 |  0 |
| Y0 |  988 |  0 |
+----+------+----+


8. Device Cell Placement Summary for Global Clock g2
----------------------------------------------------

+-----------+-----------------+-------------------+-------+-------------+---------------+-------------+----------+----------------+----------+----------------------------------+
| Global Id | Driver Type/Pin | Driver Region (D) | Clock | Period (ns) | Waveform (ns) | Slice Loads | IO Loads | Clocking Loads | GT Loads | Net                              |
+-----------+-----------------+-------------------+-------+-------------+---------------+-------------+----------+----------------+----------+----------------------------------+
| g2        | BUFG/O          | n/a               |       |             |               |         185 |        0 |              0 |        0 | dut_io_pads_jtag_TCK_i_ival_BUFG |
+-----------+-----------------+-------------------+-------+-------------+---------------+-------------+----------+----------------+----------+----------------------------------+
* Logic Loads column represents load cell count of all cell types other than IO, GT and clock resources
** IO Loads column represents load cell count of IO types
*** Clocking Loads column represents load cell count that are clock resources (global clock buffer, MMCM, PLL, etc)
**** GT Loads column represents load cell count of GT types


+----+------+----+
|    | X0   | X1 |
+----+------+----+
| Y4 |    0 |  0 |
| Y3 |    0 |  0 |
| Y2 |    0 |  0 |
| Y1 |    0 |  0 |
| Y0 |  185 |  0 |
+----+------+----+


9. Device Cell Placement Summary for Global Clock g3
----------------------------------------------------

+-----------+-----------------+-------------------+---------------+-------------+---------------+-------------+----------+----------------+----------+--------------------------------+
| Global Id | Driver Type/Pin | Driver Region (D) | Clock         | Period (ns) | Waveform (ns) | Slice Loads | IO Loads | Clocking Loads | GT Loads | Net                            |
+-----------+-----------------+-------------------+---------------+-------------+---------------+-------------+----------+----------------+----------+--------------------------------+
| g3        | BUFG/O          | n/a               | clkfbout_mmcm |      10.000 | {0.000 5.000} |           0 |        0 |              1 |        0 | ip_mmcm/inst/clkfbout_buf_mmcm |
+-----------+-----------------+-------------------+---------------+-------------+---------------+-------------+----------+----------------+----------+--------------------------------+
* Logic Loads column represents load cell count of all cell types other than IO, GT and clock resources
** IO Loads column represents load cell count of IO types
*** Clocking Loads column represents load cell count that are clock resources (global clock buffer, MMCM, PLL, etc)
**** GT Loads column represents load cell count of GT types


+----+----+----+
|    | X0 | X1 |
+----+----+----+
| Y4 |  0 |  0 |
| Y3 |  0 |  0 |
| Y2 |  1 |  0 |
| Y1 |  0 |  0 |
| Y0 |  0 |  0 |
+----+----+----+


10. Device Cell Placement Summary for Global Clock g4
-----------------------------------------------------

+-----------+-----------------+-------------------+-------+-------------+---------------+-------------+----------+----------------+----------+-------------------------------------------------------------------------------------------------------------------------------------------+
| Global Id | Driver Type/Pin | Driver Region (D) | Clock | Period (ns) | Waveform (ns) | Slice Loads | IO Loads | Clocking Loads | GT Loads | Net                                                                                                                                       |
+-----------+-----------------+-------------------+-------+-------------+---------------+-------------+----------+----------------+----------+-------------------------------------------------------------------------------------------------------------------------------------------+
| g4        | BUFG/O          | n/a               |       |             |               |       28414 |        0 |              0 |        0 | dut/u_e203_subsys_top/u_e203_subsys_main/u_e203_subsys_perips/u_perips_expl_axi_slv/ecg/axi_lite_v1_0_S00_AXI_inst/byte_cnt_reg[1]_0_BUFG |
+-----------+-----------------+-------------------+-------+-------------+---------------+-------------+----------+----------------+----------+-------------------------------------------------------------------------------------------------------------------------------------------+
* Logic Loads column represents load cell count of all cell types other than IO, GT and clock resources
** IO Loads column represents load cell count of IO types
*** Clocking Loads column represents load cell count that are clock resources (global clock buffer, MMCM, PLL, etc)
**** GT Loads column represents load cell count of GT types


+----+-------+-------+
|    | X0    | X1    |
+----+-------+-------+
| Y4 |   850 |   852 |
| Y3 |  1291 |  1363 |
| Y2 |  2480 |  8142 |
| Y1 |  5023 |  3830 |
| Y0 |  2390 |  2193 |
+----+-------+-------+


11. Clock Region Cell Placement per Global Clock: Region X0Y0
-------------------------------------------------------------

+-----------+-------+-----------------+------------+-------------+-----------------+------+--------+------+-----+----+------+-----+---------+-------------------------------------------------------------------------------------------------------------------------------------------+
| Global Id | Track | Driver Type/Pin | Constraint | Clock Loads | Non-Clock Loads | FF   | LUTRAM | RAMB | DSP | GT | MMCM | PLL | Hard IP | Net                                                                                                                                       |
+-----------+-------+-----------------+------------+-------------+-----------------+------+--------+------+-----+----+------+-----+---------+-------------------------------------------------------------------------------------------------------------------------------------------+
| g0        | n/a   | BUFG/O          | None       |        5324 |               0 | 5294 |      0 |   30 |   0 |  0 |    0 |   0 |       0 | ip_mmcm/inst/clk_out2                                                                                                                     |
| g1        | n/a   | BUFG/O          | None       |         988 |               0 |  988 |      0 |    0 |   0 |  0 |    0 |   0 |       0 | CLK32768KHZ_IBUF_BUFG                                                                                                                     |
| g2        | n/a   | BUFG/O          | None       |         185 |               0 |  185 |      0 |    0 |   0 |  0 |    0 |   0 |       0 | dut_io_pads_jtag_TCK_i_ival_BUFG                                                                                                          |
| g4        | n/a   | BUFG/O          | None       |           0 |            2390 | 2390 |      0 |    0 |   0 |  0 |    0 |   0 |       0 | dut/u_e203_subsys_top/u_e203_subsys_main/u_e203_subsys_perips/u_perips_expl_axi_slv/ecg/axi_lite_v1_0_S00_AXI_inst/byte_cnt_reg[1]_0_BUFG |
+-----------+-------+-----------------+------------+-------------+-----------------+------+--------+------+-----+----+------+-----+---------+-------------------------------------------------------------------------------------------------------------------------------------------+
* Clock Loads column represents the clock pin loads (pin count)
** Non-Clock Loads column represents the non-clock pin loads (pin count)
*** Columns FF, LUTRAM, RAMB through 'Hard IP' represents load cell counts


12. Clock Region Cell Placement per Global Clock: Region X1Y0
-------------------------------------------------------------

+-----------+-------+-----------------+------------+-------------+-----------------+------+--------+------+-----+----+------+-----+---------+-------------------------------------------------------------------------------------------------------------------------------------------+
| Global Id | Track | Driver Type/Pin | Constraint | Clock Loads | Non-Clock Loads | FF   | LUTRAM | RAMB | DSP | GT | MMCM | PLL | Hard IP | Net                                                                                                                                       |
+-----------+-------+-----------------+------------+-------------+-----------------+------+--------+------+-----+----+------+-----+---------+-------------------------------------------------------------------------------------------------------------------------------------------+
| g0        | n/a   | BUFG/O          | None       |        2249 |               0 | 2231 |      0 |   14 |   0 |  0 |    0 |   0 |       0 | ip_mmcm/inst/clk_out2                                                                                                                     |
| g4        | n/a   | BUFG/O          | None       |           0 |            2193 | 2192 |      0 |    0 |   0 |  0 |    0 |   0 |       0 | dut/u_e203_subsys_top/u_e203_subsys_main/u_e203_subsys_perips/u_perips_expl_axi_slv/ecg/axi_lite_v1_0_S00_AXI_inst/byte_cnt_reg[1]_0_BUFG |
+-----------+-------+-----------------+------------+-------------+-----------------+------+--------+------+-----+----+------+-----+---------+-------------------------------------------------------------------------------------------------------------------------------------------+
* Clock Loads column represents the clock pin loads (pin count)
** Non-Clock Loads column represents the non-clock pin loads (pin count)
*** Columns FF, LUTRAM, RAMB through 'Hard IP' represents load cell counts


13. Clock Region Cell Placement per Global Clock: Region X0Y1
-------------------------------------------------------------

+-----------+-------+-----------------+------------+-------------+-----------------+------+--------+------+-----+----+------+-----+---------+-------------------------------------------------------------------------------------------------------------------------------------------+
| Global Id | Track | Driver Type/Pin | Constraint | Clock Loads | Non-Clock Loads | FF   | LUTRAM | RAMB | DSP | GT | MMCM | PLL | Hard IP | Net                                                                                                                                       |
+-----------+-------+-----------------+------------+-------------+-----------------+------+--------+------+-----+----+------+-----+---------+-------------------------------------------------------------------------------------------------------------------------------------------+
| g0        | n/a   | BUFG/O          | None       |        5265 |               0 | 5263 |      0 |    2 |   0 |  0 |    0 |   0 |       0 | ip_mmcm/inst/clk_out2                                                                                                                     |
| g1        | n/a   | BUFG/O          | None       |           2 |               0 |    2 |      0 |    0 |   0 |  0 |    0 |   0 |       0 | CLK32768KHZ_IBUF_BUFG                                                                                                                     |
| g4        | n/a   | BUFG/O          | None       |           0 |            5023 | 5023 |      0 |    0 |   0 |  0 |    0 |   0 |       0 | dut/u_e203_subsys_top/u_e203_subsys_main/u_e203_subsys_perips/u_perips_expl_axi_slv/ecg/axi_lite_v1_0_S00_AXI_inst/byte_cnt_reg[1]_0_BUFG |
+-----------+-------+-----------------+------------+-------------+-----------------+------+--------+------+-----+----+------+-----+---------+-------------------------------------------------------------------------------------------------------------------------------------------+
* Clock Loads column represents the clock pin loads (pin count)
** Non-Clock Loads column represents the non-clock pin loads (pin count)
*** Columns FF, LUTRAM, RAMB through 'Hard IP' represents load cell counts


14. Clock Region Cell Placement per Global Clock: Region X1Y1
-------------------------------------------------------------

+-----------+-------+-----------------+------------+-------------+-----------------+------+--------+------+-----+----+------+-----+---------+-------------------------------------------------------------------------------------------------------------------------------------------+
| Global Id | Track | Driver Type/Pin | Constraint | Clock Loads | Non-Clock Loads | FF   | LUTRAM | RAMB | DSP | GT | MMCM | PLL | Hard IP | Net                                                                                                                                       |
+-----------+-------+-----------------+------------+-------------+-----------------+------+--------+------+-----+----+------+-----+---------+-------------------------------------------------------------------------------------------------------------------------------------------+
| g0        | n/a   | BUFG/O          | None       |        3850 |               0 | 3844 |      0 |    5 |   0 |  0 |    0 |   0 |       0 | ip_mmcm/inst/clk_out2                                                                                                                     |
| g4        | n/a   | BUFG/O          | None       |           0 |            3830 | 3828 |      0 |    0 |   0 |  0 |    0 |   0 |       0 | dut/u_e203_subsys_top/u_e203_subsys_main/u_e203_subsys_perips/u_perips_expl_axi_slv/ecg/axi_lite_v1_0_S00_AXI_inst/byte_cnt_reg[1]_0_BUFG |
+-----------+-------+-----------------+------------+-------------+-----------------+------+--------+------+-----+----+------+-----+---------+-------------------------------------------------------------------------------------------------------------------------------------------+
* Clock Loads column represents the clock pin loads (pin count)
** Non-Clock Loads column represents the non-clock pin loads (pin count)
*** Columns FF, LUTRAM, RAMB through 'Hard IP' represents load cell counts


15. Clock Region Cell Placement per Global Clock: Region X0Y2
-------------------------------------------------------------

+-----------+-------+-----------------+------------+-------------+-----------------+------+--------+------+-----+----+------+-----+---------+-------------------------------------------------------------------------------------------------------------------------------------------+
| Global Id | Track | Driver Type/Pin | Constraint | Clock Loads | Non-Clock Loads | FF   | LUTRAM | RAMB | DSP | GT | MMCM | PLL | Hard IP | Net                                                                                                                                       |
+-----------+-------+-----------------+------------+-------------+-----------------+------+--------+------+-----+----+------+-----+---------+-------------------------------------------------------------------------------------------------------------------------------------------+
| g0        | n/a   | BUFG/O          | None       |        4235 |               0 | 4219 |      0 |    9 |   0 |  0 |    0 |   0 |       0 | ip_mmcm/inst/clk_out2                                                                                                                     |
| g3        | n/a   | BUFG/O          | None       |           1 |               0 |    0 |      0 |    0 |   0 |  0 |    1 |   0 |       0 | ip_mmcm/inst/clkfbout_buf_mmcm                                                                                                            |
| g4        | n/a   | BUFG/O          | None       |           0 |            2480 | 2480 |      0 |    0 |   0 |  0 |    0 |   0 |       0 | dut/u_e203_subsys_top/u_e203_subsys_main/u_e203_subsys_perips/u_perips_expl_axi_slv/ecg/axi_lite_v1_0_S00_AXI_inst/byte_cnt_reg[1]_0_BUFG |
+-----------+-------+-----------------+------------+-------------+-----------------+------+--------+------+-----+----+------+-----+---------+-------------------------------------------------------------------------------------------------------------------------------------------+
* Clock Loads column represents the clock pin loads (pin count)
** Non-Clock Loads column represents the non-clock pin loads (pin count)
*** Columns FF, LUTRAM, RAMB through 'Hard IP' represents load cell counts


16. Clock Region Cell Placement per Global Clock: Region X1Y2
-------------------------------------------------------------

+-----------+-------+-----------------+------------+-------------+-----------------+------+--------+------+-----+----+------+-----+---------+-------------------------------------------------------------------------------------------------------------------------------------------+
| Global Id | Track | Driver Type/Pin | Constraint | Clock Loads | Non-Clock Loads | FF   | LUTRAM | RAMB | DSP | GT | MMCM | PLL | Hard IP | Net                                                                                                                                       |
+-----------+-------+-----------------+------------+-------------+-----------------+------+--------+------+-----+----+------+-----+---------+-------------------------------------------------------------------------------------------------------------------------------------------+
| g0        | n/a   | BUFG/O          | None       |        9816 |               0 | 9816 |      0 |    0 |   0 |  0 |    0 |   0 |       0 | ip_mmcm/inst/clk_out2                                                                                                                     |
| g4        | n/a   | BUFG/O          | None       |           0 |            8142 | 8142 |      0 |    0 |   0 |  0 |    0 |   0 |       0 | dut/u_e203_subsys_top/u_e203_subsys_main/u_e203_subsys_perips/u_perips_expl_axi_slv/ecg/axi_lite_v1_0_S00_AXI_inst/byte_cnt_reg[1]_0_BUFG |
+-----------+-------+-----------------+------------+-------------+-----------------+------+--------+------+-----+----+------+-----+---------+-------------------------------------------------------------------------------------------------------------------------------------------+
* Clock Loads column represents the clock pin loads (pin count)
** Non-Clock Loads column represents the non-clock pin loads (pin count)
*** Columns FF, LUTRAM, RAMB through 'Hard IP' represents load cell counts


17. Clock Region Cell Placement per Global Clock: Region X0Y3
-------------------------------------------------------------

+-----------+-------+-----------------+------------+-------------+-----------------+------+--------+------+-----+----+------+-----+---------+-------------------------------------------------------------------------------------------------------------------------------------------+
| Global Id | Track | Driver Type/Pin | Constraint | Clock Loads | Non-Clock Loads | FF   | LUTRAM | RAMB | DSP | GT | MMCM | PLL | Hard IP | Net                                                                                                                                       |
+-----------+-------+-----------------+------------+-------------+-----------------+------+--------+------+-----+----+------+-----+---------+-------------------------------------------------------------------------------------------------------------------------------------------+
| g0        | n/a   | BUFG/O          | None       |        4979 |               0 | 4979 |      0 |    0 |   0 |  0 |    0 |   0 |       0 | ip_mmcm/inst/clk_out2                                                                                                                     |
| g4        | n/a   | BUFG/O          | None       |           0 |            1291 | 1291 |      0 |    0 |   0 |  0 |    0 |   0 |       0 | dut/u_e203_subsys_top/u_e203_subsys_main/u_e203_subsys_perips/u_perips_expl_axi_slv/ecg/axi_lite_v1_0_S00_AXI_inst/byte_cnt_reg[1]_0_BUFG |
+-----------+-------+-----------------+------------+-------------+-----------------+------+--------+------+-----+----+------+-----+---------+-------------------------------------------------------------------------------------------------------------------------------------------+
* Clock Loads column represents the clock pin loads (pin count)
** Non-Clock Loads column represents the non-clock pin loads (pin count)
*** Columns FF, LUTRAM, RAMB through 'Hard IP' represents load cell counts


18. Clock Region Cell Placement per Global Clock: Region X1Y3
-------------------------------------------------------------

+-----------+-------+-----------------+------------+-------------+-----------------+------+--------+------+-----+----+------+-----+---------+-------------------------------------------------------------------------------------------------------------------------------------------+
| Global Id | Track | Driver Type/Pin | Constraint | Clock Loads | Non-Clock Loads | FF   | LUTRAM | RAMB | DSP | GT | MMCM | PLL | Hard IP | Net                                                                                                                                       |
+-----------+-------+-----------------+------------+-------------+-----------------+------+--------+------+-----+----+------+-----+---------+-------------------------------------------------------------------------------------------------------------------------------------------+
| g0        | n/a   | BUFG/O          | None       |        5444 |               0 | 5444 |      0 |    0 |   0 |  0 |    0 |   0 |       0 | ip_mmcm/inst/clk_out2                                                                                                                     |
| g4        | n/a   | BUFG/O          | None       |           0 |            1363 | 1363 |      0 |    0 |   0 |  0 |    0 |   0 |       0 | dut/u_e203_subsys_top/u_e203_subsys_main/u_e203_subsys_perips/u_perips_expl_axi_slv/ecg/axi_lite_v1_0_S00_AXI_inst/byte_cnt_reg[1]_0_BUFG |
+-----------+-------+-----------------+------------+-------------+-----------------+------+--------+------+-----+----+------+-----+---------+-------------------------------------------------------------------------------------------------------------------------------------------+
* Clock Loads column represents the clock pin loads (pin count)
** Non-Clock Loads column represents the non-clock pin loads (pin count)
*** Columns FF, LUTRAM, RAMB through 'Hard IP' represents load cell counts


19. Clock Region Cell Placement per Global Clock: Region X0Y4
-------------------------------------------------------------

+-----------+-------+-----------------+------------+-------------+-----------------+------+--------+------+-----+----+------+-----+---------+-------------------------------------------------------------------------------------------------------------------------------------------+
| Global Id | Track | Driver Type/Pin | Constraint | Clock Loads | Non-Clock Loads | FF   | LUTRAM | RAMB | DSP | GT | MMCM | PLL | Hard IP | Net                                                                                                                                       |
+-----------+-------+-----------------+------------+-------------+-----------------+------+--------+------+-----+----+------+-----+---------+-------------------------------------------------------------------------------------------------------------------------------------------+
| g0        | n/a   | BUFG/O          | None       |        3324 |               0 | 3324 |      0 |    0 |   0 |  0 |    0 |   0 |       0 | ip_mmcm/inst/clk_out2                                                                                                                     |
| g4        | n/a   | BUFG/O          | None       |           0 |             850 |  850 |      0 |    0 |   0 |  0 |    0 |   0 |       0 | dut/u_e203_subsys_top/u_e203_subsys_main/u_e203_subsys_perips/u_perips_expl_axi_slv/ecg/axi_lite_v1_0_S00_AXI_inst/byte_cnt_reg[1]_0_BUFG |
+-----------+-------+-----------------+------------+-------------+-----------------+------+--------+------+-----+----+------+-----+---------+-------------------------------------------------------------------------------------------------------------------------------------------+
* Clock Loads column represents the clock pin loads (pin count)
** Non-Clock Loads column represents the non-clock pin loads (pin count)
*** Columns FF, LUTRAM, RAMB through 'Hard IP' represents load cell counts


20. Clock Region Cell Placement per Global Clock: Region X1Y4
-------------------------------------------------------------

+-----------+-------+-----------------+------------+-------------+-----------------+------+--------+------+-----+----+------+-----+---------+-------------------------------------------------------------------------------------------------------------------------------------------+
| Global Id | Track | Driver Type/Pin | Constraint | Clock Loads | Non-Clock Loads | FF   | LUTRAM | RAMB | DSP | GT | MMCM | PLL | Hard IP | Net                                                                                                                                       |
+-----------+-------+-----------------+------------+-------------+-----------------+------+--------+------+-----+----+------+-----+---------+-------------------------------------------------------------------------------------------------------------------------------------------+
| g0        | n/a   | BUFG/O          | None       |        3434 |               0 | 3434 |      0 |    0 |   0 |  0 |    0 |   0 |       0 | ip_mmcm/inst/clk_out2                                                                                                                     |
| g4        | n/a   | BUFG/O          | None       |           0 |             852 |  852 |      0 |    0 |   0 |  0 |    0 |   0 |       0 | dut/u_e203_subsys_top/u_e203_subsys_main/u_e203_subsys_perips/u_perips_expl_axi_slv/ecg/axi_lite_v1_0_S00_AXI_inst/byte_cnt_reg[1]_0_BUFG |
+-----------+-------+-----------------+------------+-------------+-----------------+------+--------+------+-----+----+------+-----+---------+-------------------------------------------------------------------------------------------------------------------------------------------+
* Clock Loads column represents the clock pin loads (pin count)
** Non-Clock Loads column represents the non-clock pin loads (pin count)
*** Columns FF, LUTRAM, RAMB through 'Hard IP' represents load cell counts



# Location of BUFG Primitives 
set_property LOC BUFGCTRL_X0Y4 [get_cells ip_mmcm/inst/clkf_buf]
set_property LOC BUFGCTRL_X0Y0 [get_cells ip_mmcm/inst/clkout2_buf]
set_property LOC BUFGCTRL_X0Y3 [get_cells dut_io_pads_jtag_TCK_i_ival_BUFG_inst]
set_property LOC BUFGCTRL_X0Y1 [get_cells dut/u_e203_subsys_top/u_e203_subsys_main/u_e203_subsys_perips/u_perips_expl_axi_slv/ecg/axi_lite_v1_0_S00_AXI_inst/byte_cnt_reg[1]_0_BUFG_inst]
set_property LOC BUFGCTRL_X0Y2 [get_cells CLK32768KHZ_IBUF_BUFG_inst]

# Location of IO Primitives which is load of clock spine

# Location of clock ports
set_property LOC IOB_X0Y126 [get_ports CLK100MHZ]
set_property LOC IOB_X0Y124 [get_ports CLK32768KHZ]

# Clock net "ip_mmcm/inst/clk_out2" driven by instance "ip_mmcm/inst/clkout2_buf" located at site "BUFGCTRL_X0Y0"
#startgroup
create_pblock {CLKAG_ip_mmcm/inst/clk_out2}
add_cells_to_pblock [get_pblocks  {CLKAG_ip_mmcm/inst/clk_out2}] [get_cells -filter { PRIMITIVE_GROUP != I/O && IS_PRIMITIVE==1 && PRIMITIVE_LEVEL !=INTERNAL } -of_object [get_pins -filter {DIRECTION==IN} -of_objects [get_nets -hierarchical -filter {PARENT=="ip_mmcm/inst/clk_out2"}]]]
resize_pblock [get_pblocks {CLKAG_ip_mmcm/inst/clk_out2}] -add {CLOCKREGION_X0Y0:CLOCKREGION_X0Y0 CLOCKREGION_X0Y1:CLOCKREGION_X0Y1 CLOCKREGION_X0Y2:CLOCKREGION_X0Y2 CLOCKREGION_X0Y3:CLOCKREGION_X0Y3 CLOCKREGION_X0Y4:CLOCKREGION_X0Y4 CLOCKREGION_X1Y0:CLOCKREGION_X1Y0 CLOCKREGION_X1Y1:CLOCKREGION_X1Y1 CLOCKREGION_X1Y2:CLOCKREGION_X1Y2 CLOCKREGION_X1Y3:CLOCKREGION_X1Y3 CLOCKREGION_X1Y4:CLOCKREGION_X1Y4}
#endgroup

# Clock net "dut_io_pads_jtag_TCK_i_ival_BUFG" driven by instance "dut_io_pads_jtag_TCK_i_ival_BUFG_inst" located at site "BUFGCTRL_X0Y3"
#startgroup
create_pblock {CLKAG_dut_io_pads_jtag_TCK_i_ival_BUFG}
add_cells_to_pblock [get_pblocks  {CLKAG_dut_io_pads_jtag_TCK_i_ival_BUFG}] [get_cells -filter { PRIMITIVE_GROUP != I/O && IS_PRIMITIVE==1 && PRIMITIVE_LEVEL !=INTERNAL } -of_object [get_pins -filter {DIRECTION==IN} -of_objects [get_nets -hierarchical -filter {PARENT=="dut_io_pads_jtag_TCK_i_ival_BUFG"}]]]
resize_pblock [get_pblocks {CLKAG_dut_io_pads_jtag_TCK_i_ival_BUFG}] -add {CLOCKREGION_X0Y0:CLOCKREGION_X0Y0}
#endgroup

# Clock net "dut/u_e203_subsys_top/u_e203_subsys_main/u_e203_subsys_perips/u_perips_expl_axi_slv/ecg/axi_lite_v1_0_S00_AXI_inst/byte_cnt_reg[1]_0_BUFG" driven by instance "dut/u_e203_subsys_top/u_e203_subsys_main/u_e203_subsys_perips/u_perips_expl_axi_slv/ecg/axi_lite_v1_0_S00_AXI_inst/byte_cnt_reg[1]_0_BUFG_inst" located at site "BUFGCTRL_X0Y1"
#startgroup
create_pblock {CLKAG_dut/u_e203_subsys_top/u_e203_subsys_main/u_e203_subsys_perips/u_perips_expl_axi_slv/ecg/axi_lite_v1_0_S00_AXI_inst/byte_cnt_reg[1]_0_BUFG}
add_cells_to_pblock [get_pblocks  {CLKAG_dut/u_e203_subsys_top/u_e203_subsys_main/u_e203_subsys_perips/u_perips_expl_axi_slv/ecg/axi_lite_v1_0_S00_AXI_inst/byte_cnt_reg[1]_0_BUFG}] [get_cells -filter { PRIMITIVE_GROUP != I/O && IS_PRIMITIVE==1 && PRIMITIVE_LEVEL !=INTERNAL } -of_object [get_pins -filter {DIRECTION==IN} -of_objects [get_nets -hierarchical -filter {PARENT=="dut/u_e203_subsys_top/u_e203_subsys_main/u_e203_subsys_perips/u_perips_expl_axi_slv/ecg/axi_lite_v1_0_S00_AXI_inst/byte_cnt_reg[1]_0_BUFG"}]]]
resize_pblock [get_pblocks {CLKAG_dut/u_e203_subsys_top/u_e203_subsys_main/u_e203_subsys_perips/u_perips_expl_axi_slv/ecg/axi_lite_v1_0_S00_AXI_inst/byte_cnt_reg[1]_0_BUFG}] -add {CLOCKREGION_X0Y0:CLOCKREGION_X0Y0 CLOCKREGION_X0Y1:CLOCKREGION_X0Y1 CLOCKREGION_X0Y2:CLOCKREGION_X0Y2 CLOCKREGION_X0Y3:CLOCKREGION_X0Y3 CLOCKREGION_X0Y4:CLOCKREGION_X0Y4 CLOCKREGION_X1Y0:CLOCKREGION_X1Y0 CLOCKREGION_X1Y1:CLOCKREGION_X1Y1 CLOCKREGION_X1Y2:CLOCKREGION_X1Y2 CLOCKREGION_X1Y3:CLOCKREGION_X1Y3 CLOCKREGION_X1Y4:CLOCKREGION_X1Y4}
#endgroup

# Clock net "CLK32768KHZ_IBUF_BUFG" driven by instance "CLK32768KHZ_IBUF_BUFG_inst" located at site "BUFGCTRL_X0Y2"
#startgroup
create_pblock {CLKAG_CLK32768KHZ_IBUF_BUFG}
add_cells_to_pblock [get_pblocks  {CLKAG_CLK32768KHZ_IBUF_BUFG}] [get_cells -filter { PRIMITIVE_GROUP != I/O && IS_PRIMITIVE==1 && PRIMITIVE_LEVEL !=INTERNAL } -of_object [get_pins -filter {DIRECTION==IN} -of_objects [get_nets -hierarchical -filter {PARENT=="CLK32768KHZ_IBUF_BUFG"}]]]
resize_pblock [get_pblocks {CLKAG_CLK32768KHZ_IBUF_BUFG}] -add {CLOCKREGION_X0Y0:CLOCKREGION_X0Y0 CLOCKREGION_X0Y1:CLOCKREGION_X0Y1}
#endgroup
